C51 COMPILER V9.60.0.0   ____                                                              04/25/2024 21:56:09 PAGE 1   


C51 COMPILER V9.60.0.0, COMPILATION OF MODULE ____
OBJECT MODULE PLACED IN .\Objects\程序.obj
COMPILER INVOKED BY: F:\Keil\C51\BIN\C51.EXE 程序.c OPTIMIZE(8,SPEED) BROWSE DEBUG OBJECTEXTEND PRINT(.\Listings\程序.ls
                    -t) OBJECT(.\Objects\程序.obj)

line level    source

   1          #include <reg51.h>
   2          
   3          /* 有两个LED连接到P2^0，P2^1 */
   4          sbit led1 = P2^0;
   5          sbit led2 = P2^1;
   6          
   7          /* 外部中断0和中断1初始化函数 */
   8          void ext_int_init() {
   9   1          IT0 = 1;  // 设置INT0为边沿触发，1为下降沿触发
  10   1          IT1 = 1;  // 设置INT1为边沿触发，1为下降沿触发
  11   1      
  12   1          EX0 = 1;  // 使能外部中断0
  13   1          EX1 = 1;  // 使能外部中断1
  14   1      
  15   1          EA = 1;   // 使能全局中断
  16   1      }
  17          
  18          /* 外部中断0服务例程 */
  19          void ext0_ISR() interrupt 0 {
  20   1          led1 = ~led1;  // 切换LED1状态
  21   1      }
  22          
  23          /* 外部中断1服务例程 */
  24          void ext1_ISR() interrupt 2 {
  25   1          led2 = ~led2;  // 切换LED2状态
  26   1      }
  27          
  28          void main() {
  29   1          led1 = 0;  // 初始化LED1状态为关闭
  30   1          led2 = 0;  // 初始化LED2状态为关闭
  31   1          ext_int_init(); // 初始化外部中断0和中断1
  32   1      
  33   1          while(1) {
  34   2              // 主循环，什么也不做，只等待中断发生
  35   2          }
  36   1      }


MODULE INFORMATION:   STATIC OVERLAYABLE
   CODE SIZE        =     26    ----
   CONSTANT SIZE    =   ----    ----
   XDATA SIZE       =   ----    ----
   PDATA SIZE       =   ----    ----
   DATA SIZE        =   ----    ----
   IDATA SIZE       =   ----    ----
   BIT SIZE         =   ----    ----
END OF MODULE INFORMATION.


C51 COMPILATION COMPLETE.  0 WARNING(S),  0 ERROR(S)
