C51 COMPILER V9.60.0.0   ____                                                              04/20/2024 17:45:28 PAGE 1   


C51 COMPILER V9.60.0.0, COMPILATION OF MODULE ____
OBJECT MODULE PLACED IN .\Objects\程序.obj
COMPILER INVOKED BY: F:\Keil\C51\BIN\C51.EXE 程序.c OPTIMIZE(8,SPEED) BROWSE DEBUG OBJECTEXTEND PRINT(.\Listings\程序.ls
                    -t) OBJECT(.\Objects\程序.obj)

line level    source

   1          #include "REG51.h"
   2           void delay(unsigned int t)
   3           {
   4   1               unsigned char i;
   5   1              for ( ;t>0;t-- )
   6   1               {
   7   2                      for(i=100;i>0;i--);
   8   2               }
   9   1       }
  10                           
  11           
  12           void main(void){
  13   1              unsigned char i;
  14   1               while(1){
  15   2                      for(i=0;i<8;i++){
  16   3                              P2=~(0x01<<i);
  17   3                              delay(300);
  18   3                      }
  19   2               }
  20   1                       
  21   1       }


MODULE INFORMATION:   STATIC OVERLAYABLE
   CODE SIZE        =     68    ----
   CONSTANT SIZE    =   ----    ----
   XDATA SIZE       =   ----    ----
   PDATA SIZE       =   ----    ----
   DATA SIZE        =   ----    ----
   IDATA SIZE       =   ----    ----
   BIT SIZE         =   ----    ----
END OF MODULE INFORMATION.


C51 COMPILATION COMPLETE.  0 WARNING(S),  0 ERROR(S)
